<?xml version="1.0" encoding="UTF-8"?>
<!-- Generated by org.testng.reporters.JUnitReportReporter -->
<testsuite skipped="0" hostname="CBT-MH-000" name="net.testcases.testcases.Flight1" tests="1" failures="0" timestamp="11 Oct 2019 13:06:27 GMT" time="34.588" errors="0">
  <testcase name="run_Hotel" time="34.588" classname="net.testcases.testcases.Flight1"/>
</testsuite> <!-- net.testcases.testcases.Flight1 -->
